<?xml version="1.0" encoding="UTF-8" ?>
<testsuite tests="1" failures="1" name="com.mycompany.triangulo_app.Triangulo_appTest" time="0.017" errors="0" skipped="0">
  <properties>
[...]
</properties>
  <testcase classname="com.mycompany.triangulo_app.Triangulo_appTest" name="com.mycompany.triangulo_app.Triangulo_appTest.testInvalidInput2" time="0.017">
    <failure message="Unexpected exception type thrown ==&gt; expected: &lt;java.lang.IllegalArgumentException&gt; but was: &lt;java.lang.UnsupportedOperationException&gt;" type="org.opentest4j.AssertionFailedError">org.opentest4j.AssertionFailedError: Unexpected exception type thrown ==&gt; expected: &lt;java.lang.IllegalArgumentException&gt; but was: &lt;java.lang.UnsupportedOperationException&gt;
	at org.junit.jupiter.api.AssertThrows.assertThrows(AssertThrows.java:65)
	at org.junit.jupiter.api.AssertThrows.assertThrows(AssertThrows.java:37)
	at org.junit.jupiter.api.Assertions.assertThrows(Assertions.java:2952)
	at com.mycompany.triangulo_app.Triangulo_appTest.testInvalidInput2(Triangulo_appTest.java:93)
Caused by: java.lang.UnsupportedOperationException: Not supported yet.
	at com.mycompany.triangulo_app.Triangulo_app.verificarTriangulo(Triangulo_app.java:40)
	at com.mycompany.triangulo_app.Triangulo_appTest.lambda$testInvalidInput2$0(Triangulo_appTest.java:94)
	at org.junit.jupiter.api.AssertThrows.assertThrows(AssertThrows.java:55)
	... 17 more
</failure>
  </testcase>
</testsuite>